<?xml version="1.0" encoding="UTF-8"?>
<!-- Generated by org.testng.reporters.JUnitReportReporter -->
<testsuite hostname="DESKTOP-D82O3N0" failures="0" tests="1" name="testpkg.ScreenshotTest" time="1.226" errors="0" timestamp="2023-09-24T11:57:41 IST" skipped="0">
  <testcase classname="testpkg.ScreenshotTest" name="testScrnShot" time="1.226"/>
  <system-out/>
</testsuite> <!-- testpkg.ScreenshotTest -->
